src/android/libs/mupdf/build/outputs/logs/manifest-merger-debug-report.txt
-- Merging decision tree log ---
manifest
ADDED from AndroidManifest.xml:2:1
	package
		ADDED from AndroidManifest.xml:3:2
	android:versionName
		ADDED from AndroidManifest.xml:5:2
	android:debuggable
		ADDED from AndroidManifest.xml:6:9
	android:versionCode
		ADDED from AndroidManifest.xml:4:2
		INJECTED from AndroidManifest.xml:0:0
		INJECTED from AndroidManifest.xml:0:0
	xmlns:android
		ADDED from AndroidManifest.xml:2:11
	android:installLocation
		ADDED from AndroidManifest.xml:7:2
uses-permission#android.permission.WRITE_EXTERNAL_STORAGE
ADDED from AndroidManifest.xml:8:2
	android:name
		ADDED from AndroidManifest.xml:8:19
uses-permission#android.permission.INTERNET
ADDED from AndroidManifest.xml:9:2
	android:name
		ADDED from AndroidManifest.xml:9:19
supports-screens
ADDED from AndroidManifest.xml:10:2
	android:largeScreens
		ADDED from AndroidManifest.xml:13:3
	android:smallScreens
		ADDED from AndroidManifest.xml:11:3
	android:normalScreens
		ADDED from AndroidManifest.xml:12:3
	android:anyDensity
		ADDED from AndroidManifest.xml:14:3
uses-sdk
ADDED from AndroidManifest.xml:15:2
	android:targetSdkVersion
		ADDED from AndroidManifest.xml:15:38
	android:minSdkVersion
		ADDED from AndroidManifest.xml:15:12
application
ADDED from AndroidManifest.xml:16:2
	android:label
		ADDED from AndroidManifest.xml:17:3
	android:hardwareAccelerated
		ADDED from AndroidManifest.xml:19:3
	android:icon
		ADDED from AndroidManifest.xml:18:3
activity#com.artifex.mupdfdemo.ChoosePDFActivity
ADDED from AndroidManifest.xml:20:3
	android:label
		ADDED from AndroidManifest.xml:23:4
	android:theme
		ADDED from AndroidManifest.xml:22:4
	android:name
		ADDED from AndroidManifest.xml:21:4
intent-filter#android.intent.action.MAIN+android.intent.category.LAUNCHER
ADDED from AndroidManifest.xml:24:4
action#android.intent.action.MAIN
ADDED from AndroidManifest.xml:25:5
	android:name
		ADDED from AndroidManifest.xml:25:13
category#android.intent.category.LAUNCHER
ADDED from AndroidManifest.xml:26:5
	android:name
		ADDED from AndroidManifest.xml:26:15
activity#com.artifex.mupdfdemo.MuPDFActivity
ADDED from AndroidManifest.xml:29:3
	android:label
		ADDED from AndroidManifest.xml:32:4
	android:theme
		ADDED from AndroidManifest.xml:31:4
	android:name
		ADDED from AndroidManifest.xml:30:4
intent-filter#android.intent.action.VIEW+android.intent.category.DEFAULT
ADDED from AndroidManifest.xml:33:4
action#android.intent.action.VIEW
ADDED from AndroidManifest.xml:34:5
	android:name
		ADDED from AndroidManifest.xml:34:13
category#android.intent.category.DEFAULT
ADDED from AndroidManifest.xml:35:5
	android:name
		ADDED from AndroidManifest.xml:35:15
data
ADDED from AndroidManifest.xml:36:5
	android:mimeType
		ADDED from AndroidManifest.xml:36:11
intent-filter#android.intent.action.VIEW+android.intent.category.BROWSABLE+android.intent.category.DEFAULT
ADDED from AndroidManifest.xml:54:4
category#android.intent.category.BROWSABLE
ADDED from AndroidManifest.xml:57:5
	android:name
		ADDED from AndroidManifest.xml:57:15
activity#com.artifex.mupdfdemo.OutlineActivity
ADDED from AndroidManifest.xml:91:3
	android:label
		ADDED from AndroidManifest.xml:94:4
	android:theme
		ADDED from AndroidManifest.xml:93:4
	android:name
		ADDED from AndroidManifest.xml:92:4
activity#com.artifex.mupdfdemo.PrintDialogActivity
ADDED from AndroidManifest.xml:96:3
	android:label
		ADDED from AndroidManifest.xml:99:4
	android:theme
		ADDED from AndroidManifest.xml:98:4
	android:name
		ADDED from AndroidManifest.xml:97:4